<?xml version="1.0" encoding="UTF-8"?>
<testng-results ignored="0" total="1" passed="1" failed="0" skipped="0">
  <reporter-output>
  </reporter-output>
  <suite started-at="2021-10-23T00:59:04 EET" name="Automation Practice" finished-at="2021-10-23T00:59:23 EET" duration-ms="18839">
    <groups>
      <group name="cucumber">
        <method signature="AbstractTestNGCucumberTests.runScenario(io.cucumber.testng.PickleWrapper, io.cucumber.testng.FeatureWrapper)[pri:0, instance:testRunner.FETestRunner@7526515b]" name="runScenario" class="io.cucumber.testng.AbstractTestNGCucumberTests"/>
      </group> <!-- cucumber -->
    </groups>
    <test started-at="2021-10-23T00:59:04 EET" name="Chrome Test" finished-at="2021-10-23T00:59:23 EET" duration-ms="18839">
      <class name="testRunner.FETestRunner">
        <test-method is-config="true" signature="setBrowserType(java.lang.String)[pri:0, instance:testRunner.FETestRunner@7526515b]" started-at="2021-10-23T00:59:04 EET" name="setBrowserType" finished-at="2021-10-23T00:59:09 EET" duration-ms="4977" status="PASS">
          <params>
            <param index="0">
              <value>
                <![CDATA[Chrome]]>
              </value>
            </param>
          </params>
          <reporter-output>
          </reporter-output>
        </test-method> <!-- setBrowserType -->
        <test-method is-config="true" signature="setUpClass()[pri:0, instance:testRunner.FETestRunner@7526515b]" started-at="2021-10-23T00:59:09 EET" name="setUpClass" finished-at="2021-10-23T00:59:11 EET" duration-ms="1632" status="PASS">
          <reporter-output>
          </reporter-output>
        </test-method> <!-- setUpClass -->
        <test-method signature="runScenario(io.cucumber.testng.PickleWrapper, io.cucumber.testng.FeatureWrapper)[pri:0, instance:testRunner.FETestRunner@7526515b]" started-at="2021-10-23T00:59:11 EET" name="runScenario" description="Runs Cucumber Scenarios" data-provider="scenarios" finished-at="2021-10-23T00:59:21 EET" duration-ms="9906" status="PASS">
          <params>
            <param index="0">
              <value>
                <![CDATA["Check success login with valid credentials"]]>
              </value>
            </param>
            <param index="1">
              <value>
                <![CDATA["Optional[Login]"]]>
              </value>
            </param>
          </params>
          <reporter-output>
          </reporter-output>
        </test-method> <!-- runScenario -->
        <test-method is-config="true" signature="tearDownClass()[pri:0, instance:testRunner.FETestRunner@7526515b]" started-at="2021-10-23T00:59:21 EET" name="tearDownClass" finished-at="2021-10-23T00:59:22 EET" duration-ms="935" status="PASS">
          <reporter-output>
          </reporter-output>
        </test-method> <!-- tearDownClass -->
        <test-method is-config="true" signature="quitDriver()[pri:0, instance:testRunner.FETestRunner@7526515b]" started-at="2021-10-23T00:59:22 EET" name="quitDriver" finished-at="2021-10-23T00:59:23 EET" duration-ms="1324" status="PASS">
          <reporter-output>
          </reporter-output>
        </test-method> <!-- quitDriver -->
      </class> <!-- testRunner.FETestRunner -->
    </test> <!-- Chrome Test -->
  </suite> <!-- Automation Practice -->
</testng-results>
